#-----------------------------------------------------------
# Webtalk v2016.2 (64-bit)
# SW Build 1577090 on Thu Jun  2 16:32:40 MDT 2016
# 
# Start of session at: Wed Jan 02 23:26:24 2019
# Process ID: 2712
# Current directory: C:/Users/maslam/Desktop/IDLAB/gitHub/documents/Non_PhDworks/FPGAdesign_com/Lec6_EMIO/vivado/project_1/project_1.sdk/webtalk
# Command line: wbtcv.exe -mode batch -source sdk_webtalk.tcl
# Log file: C:/Users/maslam/Desktop/IDLAB/gitHub/documents/Non_PhDworks/FPGAdesign_com/Lec6_EMIO/vivado/project_1/project_1.sdk/webtalk/webtalk.log
# Journal file: C:/Users/maslam/Desktop/IDLAB/gitHub/documents/Non_PhDworks/FPGAdesign_com/Lec6_EMIO/vivado/project_1/project_1.sdk/webtalk\webtalk.jou
#-----------------------------------------------------------
source sdk_webtalk.tcl
# webtalk_init -webtalk_dir C:\\Users\\maslam\\Desktop\\IDLAB\\gitHub\\documents\\Non_PhDworks\\FPGAdesign_com\\Lec6_EMIO\\vivado\\project_1\\project_1.sdk\\webtalk
# webtalk_register_client -client project
# webtalk_add_data -client project -key date_generated -value "Wed Jan 2 23:26:23 2019" -context "software_version_and_target_device"
# webtalk_add_data -client project -key product_version -value "SDK v2016.2" -context "software_version_and_target_device"
# webtalk_add_data -client project -key build_version -value "2016.2" -context "software_version_and_target_device"
# webtalk_add_data -client project -key os_platform -value "amd64" -context "software_version_and_target_device"
# webtalk_add_data -client project -key registration_id -value "" -context "software_version_and_target_device"
# webtalk_add_data -client project -key tool_flow -value "SDK" -context "software_version_and_target_device"
# webtalk_add_data -client project -key beta -value "false" -context "software_version_and_target_device"
# webtalk_add_data -client project -key route_design -value "NA" -context "software_version_and_target_device"
# webtalk_add_data -client project -key target_family -value "NA" -context "software_version_and_target_device"
# webtalk_add_data -client project -key target_device -value "NA" -context "software_version_and_target_device"
# webtalk_add_data -client project -key target_package -value "NA" -context "software_version_and_target_device"
# webtalk_add_data -client project -key target_speed -value "NA" -context "software_version_and_target_device"
# webtalk_add_data -client project -key random_id -value "3urfj56117b4bbiacd4325spf" -context "software_version_and_target_device"
# webtalk_add_data -client project -key project_id -value "2016.2_34" -context "software_version_and_target_device"
# webtalk_add_data -client project -key project_iteration -value "34" -context "software_version_and_target_device"
# webtalk_add_data -client project -key os_name -value "" -context "user_environment"
# webtalk_add_data -client project -key os_release -value "" -context "user_environment"
# webtalk_add_data -client project -key cpu_name -value "" -context "user_environment"
# webtalk_add_data -client project -key cpu_speed -value "" -context "user_environment"
# webtalk_add_data -client project -key total_processors -value "" -context "user_environment"
# webtalk_add_data -client project -key system_ram -value "" -context "user_environment"
# webtalk_register_client -client sdk
# webtalk_add_data -client sdk -key uid -value "1546380234096" -context "sdk\\\\bsp/1546380234096"
# webtalk_add_data -client sdk -key hwid -value "1546220506952" -context "sdk\\\\bsp/1546380234096"
# webtalk_add_data -client sdk -key os -value "standalone" -context "sdk\\\\bsp/1546380234096"
# webtalk_add_data -client sdk -key apptemplate -value "hello_world" -context "sdk\\\\bsp/1546380234096"
# webtalk_add_data -client sdk -key uid -value "1546380239156" -context "sdk\\\\application/1546380239156"
# webtalk_add_data -client sdk -key hwid -value "1546220506952" -context "sdk\\\\application/1546380239156"
# webtalk_add_data -client sdk -key bspid -value "1546380234096" -context "sdk\\\\application/1546380239156"
# webtalk_add_data -client sdk -key newbsp -value "true" -context "sdk\\\\application/1546380239156"
# webtalk_add_data -client sdk -key os -value "standalone" -context "sdk\\\\application/1546380239156"
# webtalk_add_data -client sdk -key apptemplate -value "hello_world" -context "sdk\\\\application/1546380239156"
# webtalk_transmit -clientid 2711390132 -regid "" -xml C:\\Users\\maslam\\Desktop\\IDLAB\\gitHub\\documents\\Non_PhDworks\\FPGAdesign_com\\Lec6_EMIO\\vivado\\project_1\\project_1.sdk\\webtalk\\usage_statistics_ext_sdk.xml -html C:\\Users\\maslam\\Desktop\\IDLAB\\gitHub\\documents\\Non_PhDworks\\FPGAdesign_com\\Lec6_EMIO\\vivado\\project_1\\project_1.sdk\\webtalk\\usage_statistics_ext_sdk.html -wdm C:\\Users\\maslam\\Desktop\\IDLAB\\gitHub\\documents\\Non_PhDworks\\FPGAdesign_com\\Lec6_EMIO\\vivado\\project_1\\project_1.sdk\\webtalk\\sdk_webtalk.wdm -intro "<H3>SDK Usage Report</H3><BR>"
# webtalk_terminate
INFO: [Common 17-206] Exiting Webtalk at Wed Jan 02 23:26:31 2019...
